<?xml version="1.0" encoding="UTF-8"?>
<!-- Generated by org.testng.reporters.JUnitReportReporter -->
<testsuite hostname="DESKTOP-FCN2S2B" failures="0" tests="1" name="cucumber.TestNGTestRunner" time="10.300" errors="0" timestamp="2025-09-26T03:35:38 IST" skipped="0">
  <testcase classname="cucumber.TestNGTestRunner" name="runScenario" time="10.300"/>
</testsuite> <!-- cucumber.TestNGTestRunner -->
