<?xml version="1.0" encoding="UTF-8"?>
<!-- Generated by org.testng.reporters.JUnitReportReporter -->
<testsuite hostname="DESKTOP-FCN2S2B" failures="0" tests="2" name="SeleniumFramework.tests.SubmitOrderTest3" time="42.472" errors="0" timestamp="2025-09-19T17:09:47 IST" skipped="0">
  <testcase classname="SeleniumFramework.tests.SubmitOrderTest3" name="submitOrder" time="14.456"/>
  <testcase classname="SeleniumFramework.tests.SubmitOrderTest3" name="submitOrder" time="28.016"/>
</testsuite> <!-- SeleniumFramework.tests.SubmitOrderTest3 -->
