<?xml version="1.0" encoding="UTF-8"?>
<!-- Generated by org.testng.reporters.JUnitReportReporter -->
<testsuite hostname="DESKTOP-FCN2S2B" failures="0" tests="3" name="SeleniumFramework.tests.SubmitOrderTestDataProviderArrayAndHashMap" time="75.860" errors="0" timestamp="2025-09-21T02:24:31 IST" skipped="0">
  <testcase classname="SeleniumFramework.tests.SubmitOrderTestDataProviderArrayAndHashMap" name="submitOrder" time="15.119"/>
  <testcase classname="SeleniumFramework.tests.SubmitOrderTestDataProviderArrayAndHashMap" name="orderHistoryTest" time="12.930"/>
  <testcase classname="SeleniumFramework.tests.SubmitOrderTestDataProviderArrayAndHashMap" name="submitOrder" time="47.811"/>
</testsuite> <!-- SeleniumFramework.tests.SubmitOrderTestDataProviderArrayAndHashMap -->
