<?xml version="1.0" encoding="UTF-8"?>
<!-- Generated by org.testng.reporters.JUnitReportReporter -->
<testsuite hostname="DESKTOP-FCN2S2B" failures="0" tests="2" name="SeleniumFramework.tests.SubmitOrderTest2" time="71.728" errors="0" timestamp="2025-09-19T03:06:43 IST" skipped="0">
  <testcase classname="SeleniumFramework.tests.SubmitOrderTest2" name="orderHistoryTest" time="21.943"/>
  <testcase classname="SeleniumFramework.tests.SubmitOrderTest2" name="submitOrder" time="49.785"/>
</testsuite> <!-- SeleniumFramework.tests.SubmitOrderTest2 -->
