<?xml version="1.0" encoding="UTF-8"?>
<!-- Generated by org.testng.reporters.JUnitReportReporter -->
<testsuite hostname="DESKTOP-FCN2S2B" failures="0" tests="2" name="SeleniumFramework.tests.SubmitOrderTest2" time="138.174" errors="0" timestamp="2025-09-23T03:13:19 IST" skipped="0">
  <testcase classname="SeleniumFramework.tests.SubmitOrderTest2" name="submitOrder" time="92.120"/>
  <testcase classname="SeleniumFramework.tests.SubmitOrderTest2" name="orderHistoryTest" time="46.054"/>
</testsuite> <!-- SeleniumFramework.tests.SubmitOrderTest2 -->
