<?xml version="1.0" encoding="UTF-8"?>
<!-- Generated by org.testng.reporters.JUnitReportReporter -->
<testsuite hostname="DESKTOP-FCN2S2B" failures="0" tests="1" name="SeleniumFramework.tests.ErrorValidations" time="24.820" errors="0" timestamp="2025-09-23T20:28:34 IST" skipped="0">
  <testcase classname="SeleniumFramework.tests.ErrorValidations" name="LoginErrorValidation" time="24.820"/>
</testsuite> <!-- SeleniumFramework.tests.ErrorValidations -->
