<?xml version="1.0" encoding="UTF-8"?>
<!-- Generated by org.testng.reporters.JUnitReportReporter -->
<testsuite hostname="DESKTOP-FCN2S2B" failures="0" tests="1" name="cucumber.TestNGTestRunner" time="24.654" errors="0" timestamp="2025-09-26T11:58:24 IST" skipped="0">
  <testcase classname="cucumber.TestNGTestRunner" name="runScenario" time="24.654"/>
</testsuite> <!-- cucumber.TestNGTestRunner -->
